[2025-12-09T11:15:24.469+0000] {local_task_job_runner.py:120} INFO - ::group::Pre task execution logs
[2025-12-09T11:15:24.474+0000] {taskinstance.py:2076} INFO - Dependencies all met for dep_context=non-requeueable deps ti=<TaskInstance: kitedag.create_jobs manual__2025-12-09T11:15:09.584706+00:00 [queued]>
[2025-12-09T11:15:24.477+0000] {taskinstance.py:2076} INFO - Dependencies all met for dep_context=requeueable deps ti=<TaskInstance: kitedag.create_jobs manual__2025-12-09T11:15:09.584706+00:00 [queued]>
[2025-12-09T11:15:24.477+0000] {taskinstance.py:2306} INFO - Starting attempt 1 of 1
[2025-12-09T11:15:24.481+0000] {taskinstance.py:2330} INFO - Executing <Task(DatabricksJobCreateOperator): create_jobs> on 2025-12-09 11:15:09.584706+00:00
[2025-12-09T11:15:24.488+0000] {warnings.py:112} WARNING - /home/***/.local/lib/python3.12/site-packages/***/task/task_runner/standard_task_runner.py:62: DeprecationWarning: This process (pid=90) is multi-threaded, use of fork() may lead to deadlocks in the child.
  pid = os.fork()

[2025-12-09T11:15:24.489+0000] {standard_task_runner.py:64} INFO - Started process 92 to run task
[2025-12-09T11:15:24.490+0000] {standard_task_runner.py:90} INFO - Running: ['***', 'tasks', 'run', 'kitedag', 'create_jobs', 'manual__2025-12-09T11:15:09.584706+00:00', '--job-id', '16', '--raw', '--subdir', 'DAGS_FOLDER/kitedag.py', '--cfg-path', '/tmp/tmprhqwziz_']
[2025-12-09T11:15:24.491+0000] {standard_task_runner.py:91} INFO - Job 16: Subtask create_jobs
[2025-12-09T11:15:24.510+0000] {task_command.py:426} INFO - Running <TaskInstance: kitedag.create_jobs manual__2025-12-09T11:15:09.584706+00:00 [running]> on host e9b202c96d39
[2025-12-09T11:15:24.540+0000] {taskinstance.py:2648} INFO - Exporting env vars: AIRFLOW_CTX_DAG_OWNER='***' AIRFLOW_CTX_DAG_ID='kitedag' AIRFLOW_CTX_TASK_ID='create_jobs' AIRFLOW_CTX_EXECUTION_DATE='2025-12-09T11:15:09.584706+00:00' AIRFLOW_CTX_TRY_NUMBER='1' AIRFLOW_CTX_DAG_RUN_ID='manual__2025-12-09T11:15:09.584706+00:00'
[2025-12-09T11:15:24.541+0000] {taskinstance.py:430} INFO - ::endgroup::
[2025-12-09T11:15:24.541+0000] {taskinstance.py:441} INFO - ::group::Post task execution logs
[2025-12-09T11:15:24.542+0000] {taskinstance.py:2905} ERROR - Task failed with exception
Traceback (most recent call last):
  File "/home/airflow/.local/lib/python3.12/site-packages/airflow/models/taskinstance.py", line 465, in _execute_task
    result = _execute_callable(context=context, **execute_callable_kwargs)
             ^^^^^^^^^^^^^^^^^^^^^^^^^^^^^^^^^^^^^^^^^^^^^^^^^^^^^^^^^^^^^
  File "/home/airflow/.local/lib/python3.12/site-packages/airflow/models/taskinstance.py", line 432, in _execute_callable
    return execute_callable(context=context, **execute_callable_kwargs)
           ^^^^^^^^^^^^^^^^^^^^^^^^^^^^^^^^^^^^^^^^^^^^^^^^^^^^^^^^^^^^
  File "/home/airflow/.local/lib/python3.12/site-packages/airflow/models/baseoperator.py", line 401, in wrapper
    return func(self, *args, **kwargs)
           ^^^^^^^^^^^^^^^^^^^^^^^^^^^
TypeError: DatabricksJobCreateOperator.execute() got an unexpected keyword argument 'context'
[2025-12-09T11:15:24.544+0000] {taskinstance.py:1206} INFO - Marking task as FAILED. dag_id=kitedag, task_id=create_jobs, run_id=manual__2025-12-09T11:15:09.584706+00:00, execution_date=20251209T111509, start_date=20251209T111524, end_date=20251209T111524
[2025-12-09T11:15:24.548+0000] {standard_task_runner.py:110} ERROR - Failed to execute job 16 for task create_jobs (DatabricksJobCreateOperator.execute() got an unexpected keyword argument 'context'; 92)
[2025-12-09T11:15:24.594+0000] {local_task_job_runner.py:243} INFO - Task exited with return code 1
[2025-12-09T11:15:24.603+0000] {taskinstance.py:3503} INFO - 0 downstream tasks scheduled from follow-on schedule check
[2025-12-09T11:15:24.605+0000] {local_task_job_runner.py:222} INFO - ::endgroup::
