[2025-12-09T13:42:30.902+0000] {local_task_job_runner.py:120} INFO - ::group::Pre task execution logs
[2025-12-09T13:42:30.911+0000] {taskinstance.py:2076} INFO - Dependencies all met for dep_context=non-requeueable deps ti=<TaskInstance: kitedag.create_jobs manual__2025-12-09T13:42:21.077630+00:00 [queued]>
[2025-12-09T13:42:30.914+0000] {taskinstance.py:2076} INFO - Dependencies all met for dep_context=requeueable deps ti=<TaskInstance: kitedag.create_jobs manual__2025-12-09T13:42:21.077630+00:00 [queued]>
[2025-12-09T13:42:30.914+0000] {taskinstance.py:2306} INFO - Starting attempt 1 of 1
[2025-12-09T13:42:30.918+0000] {taskinstance.py:2330} INFO - Executing <Task(DatabricksJobCreateOperator): create_jobs> on 2025-12-09 13:42:21.077630+00:00
[2025-12-09T13:42:30.921+0000] {warnings.py:112} WARNING - /home/***/.local/lib/python3.12/site-packages/***/task/task_runner/standard_task_runner.py:62: DeprecationWarning: This process (pid=1316) is multi-threaded, use of fork() may lead to deadlocks in the child.
  pid = os.fork()

[2025-12-09T13:42:30.922+0000] {standard_task_runner.py:64} INFO - Started process 1318 to run task
[2025-12-09T13:42:30.923+0000] {standard_task_runner.py:90} INFO - Running: ['***', 'tasks', 'run', 'kitedag', 'create_jobs', 'manual__2025-12-09T13:42:21.077630+00:00', '--job-id', '54', '--raw', '--subdir', 'DAGS_FOLDER/kitedag.py', '--cfg-path', '/tmp/tmpxphr_r97']
[2025-12-09T13:42:30.924+0000] {standard_task_runner.py:91} INFO - Job 54: Subtask create_jobs
[2025-12-09T13:42:30.940+0000] {task_command.py:426} INFO - Running <TaskInstance: kitedag.create_jobs manual__2025-12-09T13:42:21.077630+00:00 [running]> on host e9b202c96d39
[2025-12-09T13:42:30.969+0000] {taskinstance.py:2648} INFO - Exporting env vars: AIRFLOW_CTX_DAG_OWNER='***' AIRFLOW_CTX_DAG_ID='kitedag' AIRFLOW_CTX_TASK_ID='create_jobs' AIRFLOW_CTX_EXECUTION_DATE='2025-12-09T13:42:21.077630+00:00' AIRFLOW_CTX_TRY_NUMBER='1' AIRFLOW_CTX_DAG_RUN_ID='manual__2025-12-09T13:42:21.077630+00:00'
[2025-12-09T13:42:30.970+0000] {taskinstance.py:430} INFO - ::endgroup::
[2025-12-09T13:42:30.970+0000] {logging_mixin.py:188} INFO - Using Databricks Token: dapi70c2a0e6f27780a2bc383f98f77776a3
[2025-12-09T13:42:30.970+0000] {logging_mixin.py:188} INFO - Job Payload: {'name': 'ytdw_raw_category_transformation_frjson', 'tasks': [{'task_key': 'transform_youtube_json', 'notebook_task': {'notebook_path': '/Workspace/Users/bhavikabharti2@gmail.com/YTDW_RAW/ytdw_raw_category_transformation_frjson'}, 'job_cluster_key': None, 'compute': {'spec': {'kind': 'SERVERLESS'}}}], 'email_notifications': {'on_start': ['bhavikabharti2@gmail.com'], 'on_success': ['bhavikabharti2@gmail.com'], 'on_failure': ['bhavikabharti2@gmail.com']}, 'timeout_seconds': 3600, 'max_concurrent_runs': 1}
[2025-12-09T13:42:32.781+0000] {taskinstance.py:441} INFO - ::group::Post task execution logs
[2025-12-09T13:42:32.782+0000] {taskinstance.py:2905} ERROR - Task failed with exception
Traceback (most recent call last):
  File "/home/airflow/.local/lib/python3.12/site-packages/airflow/models/taskinstance.py", line 465, in _execute_task
    result = _execute_callable(context=context, **execute_callable_kwargs)
             ^^^^^^^^^^^^^^^^^^^^^^^^^^^^^^^^^^^^^^^^^^^^^^^^^^^^^^^^^^^^^
  File "/home/airflow/.local/lib/python3.12/site-packages/airflow/models/taskinstance.py", line 432, in _execute_callable
    return execute_callable(context=context, **execute_callable_kwargs)
           ^^^^^^^^^^^^^^^^^^^^^^^^^^^^^^^^^^^^^^^^^^^^^^^^^^^^^^^^^^^^
  File "/home/airflow/.local/lib/python3.12/site-packages/airflow/models/baseoperator.py", line 401, in wrapper
    return func(self, *args, **kwargs)
           ^^^^^^^^^^^^^^^^^^^^^^^^^^^
  File "/opt/airflow/dags/connectors/DatabricksJobCreateOperator.py", line 52, in execute
    if response.status_code == 200:
       ^^^^^^^^^^^^^^^^^^^^
AttributeError: 'dict' object has no attribute 'status_code'
[2025-12-09T13:42:32.794+0000] {taskinstance.py:1206} INFO - Marking task as FAILED. dag_id=kitedag, task_id=create_jobs, run_id=manual__2025-12-09T13:42:21.077630+00:00, execution_date=20251209T134221, start_date=20251209T134230, end_date=20251209T134232
[2025-12-09T13:42:32.805+0000] {standard_task_runner.py:110} ERROR - Failed to execute job 54 for task create_jobs ('dict' object has no attribute 'status_code'; 1318)
[2025-12-09T13:42:32.833+0000] {local_task_job_runner.py:243} INFO - Task exited with return code 1
[2025-12-09T13:42:32.849+0000] {taskinstance.py:3503} INFO - 0 downstream tasks scheduled from follow-on schedule check
[2025-12-09T13:42:32.852+0000] {local_task_job_runner.py:222} INFO - ::endgroup::
