[2025-12-08T10:46:54.617+0000] {local_task_job_runner.py:120} INFO - ::group::Pre task execution logs
[2025-12-08T10:46:54.624+0000] {taskinstance.py:2076} INFO - Dependencies all met for dep_context=non-requeueable deps ti=<TaskInstance: kitedag.youtube_search_task manual__2025-12-08T10:46:51.896235+00:00 [queued]>
[2025-12-08T10:46:54.626+0000] {taskinstance.py:2076} INFO - Dependencies all met for dep_context=requeueable deps ti=<TaskInstance: kitedag.youtube_search_task manual__2025-12-08T10:46:51.896235+00:00 [queued]>
[2025-12-08T10:46:54.626+0000] {taskinstance.py:2306} INFO - Starting attempt 1 of 1
[2025-12-08T10:46:54.631+0000] {taskinstance.py:2330} INFO - Executing <Task(YoutubeAPISearchOperator): youtube_search_task> on 2025-12-08 10:46:51.896235+00:00
[2025-12-08T10:46:54.634+0000] {warnings.py:112} WARNING - /home/***/.local/lib/python3.12/site-packages/***/task/task_runner/standard_task_runner.py:62: DeprecationWarning: This process (pid=898) is multi-threaded, use of fork() may lead to deadlocks in the child.
  pid = os.fork()

[2025-12-08T10:46:54.634+0000] {standard_task_runner.py:64} INFO - Started process 900 to run task
[2025-12-08T10:46:54.635+0000] {standard_task_runner.py:90} INFO - Running: ['***', 'tasks', 'run', 'kitedag', 'youtube_search_task', 'manual__2025-12-08T10:46:51.896235+00:00', '--job-id', '20', '--raw', '--subdir', 'DAGS_FOLDER/kitedag.py', '--cfg-path', '/tmp/tmpoahvikpm']
[2025-12-08T10:46:54.636+0000] {standard_task_runner.py:91} INFO - Job 20: Subtask youtube_search_task
[2025-12-08T10:46:54.653+0000] {task_command.py:426} INFO - Running <TaskInstance: kitedag.youtube_search_task manual__2025-12-08T10:46:51.896235+00:00 [running]> on host f599d371e488
[2025-12-08T10:46:54.682+0000] {taskinstance.py:2648} INFO - Exporting env vars: AIRFLOW_CTX_DAG_OWNER='***' AIRFLOW_CTX_DAG_ID='kitedag' AIRFLOW_CTX_TASK_ID='youtube_search_task' AIRFLOW_CTX_EXECUTION_DATE='2025-12-08T10:46:51.896235+00:00' AIRFLOW_CTX_TRY_NUMBER='1' AIRFLOW_CTX_DAG_RUN_ID='manual__2025-12-08T10:46:51.896235+00:00'
[2025-12-08T10:46:54.683+0000] {taskinstance.py:430} INFO - ::endgroup::
[2025-12-08T10:46:54.685+0000] {base.py:84} INFO - Using connection ID 'youtube_connection' for task execution.
[2025-12-08T10:46:55.477+0000] {base.py:84} INFO - Using connection ID 'aws_default' for task execution.
[2025-12-08T10:46:55.478+0000] {connection_wrapper.py:384} INFO - AWS Connection (conn_id='aws_default', conn_type='aws') credentials retrieved from login and password.
[2025-12-08T10:46:56.914+0000] {connection.py:849} WARNING - Certificate did not match expected hostname: bhavikabucket22.s3.s3.amazonaws.com. Certificate: {'subject': ((('commonName', 's3.amazonaws.com'),),), 'issuer': ((('countryName', 'US'),), (('organizationName', 'Amazon'),), (('commonName', 'Amazon RSA 2048 M01'),)), 'version': 3, 'serialNumber': '0873613481F95D51F91B74803701DE71', 'notBefore': 'Sep 19 00:00:00 2025 GMT', 'notAfter': 'Aug 23 23:59:59 2026 GMT', 'subjectAltName': (('DNS', 's3.amazonaws.com'), ('DNS', '*.s3.amazonaws.com'), ('DNS', '*.s3-accesspoint.us-east-1.amazonaws.com'), ('DNS', '*.s3-control.us-east-1.amazonaws.com'), ('DNS', 's3.dualstack.us-east-1.amazonaws.com'), ('DNS', '*.s3-deprecated.us-east-1.amazonaws.com'), ('DNS', 's3-control.dualstack.us-east-1.amazonaws.com'), ('DNS', '*.s3-external-2.amazonaws.com'), ('DNS', 's3.us-east-1.amazonaws.com'), ('DNS', '*.s3-accesspoint.dualstack.us-east-1.amazonaws.com'), ('DNS', '*.s3.us-east-1.amazonaws.com'), ('DNS', '*.s3-external-1.amazonaws.com'), ('DNS', '*.s3.dualstack.us-east-1.amazonaws.com'), ('DNS', 's3-external-2.amazonaws.com'), ('DNS', 's3-control.us-east-1.amazonaws.com'), ('DNS', 's3-external-1.amazonaws.com'), ('DNS', 's3-deprecated.us-east-1.amazonaws.com'), ('DNS', '*.s3-control.dualstack.us-east-1.amazonaws.com')), 'OCSP': ('http://ocsp.r2m01.amazontrust.com',), 'caIssuers': ('http://crt.r2m01.amazontrust.com/r2m01.cer',), 'crlDistributionPoints': ('http://crl.r2m01.amazontrust.com/r2m01.crl',)}
[2025-12-08T10:46:58.379+0000] {connection.py:849} WARNING - Certificate did not match expected hostname: bhavikabucket22.s3.s3.amazonaws.com. Certificate: {'subject': ((('commonName', 's3.amazonaws.com'),),), 'issuer': ((('countryName', 'US'),), (('organizationName', 'Amazon'),), (('commonName', 'Amazon RSA 2048 M01'),)), 'version': 3, 'serialNumber': '0873613481F95D51F91B74803701DE71', 'notBefore': 'Sep 19 00:00:00 2025 GMT', 'notAfter': 'Aug 23 23:59:59 2026 GMT', 'subjectAltName': (('DNS', 's3.amazonaws.com'), ('DNS', '*.s3.amazonaws.com'), ('DNS', '*.s3-accesspoint.us-east-1.amazonaws.com'), ('DNS', '*.s3-control.us-east-1.amazonaws.com'), ('DNS', 's3.dualstack.us-east-1.amazonaws.com'), ('DNS', '*.s3-deprecated.us-east-1.amazonaws.com'), ('DNS', 's3-control.dualstack.us-east-1.amazonaws.com'), ('DNS', '*.s3-external-2.amazonaws.com'), ('DNS', 's3.us-east-1.amazonaws.com'), ('DNS', '*.s3-accesspoint.dualstack.us-east-1.amazonaws.com'), ('DNS', '*.s3.us-east-1.amazonaws.com'), ('DNS', '*.s3-external-1.amazonaws.com'), ('DNS', '*.s3.dualstack.us-east-1.amazonaws.com'), ('DNS', 's3-external-2.amazonaws.com'), ('DNS', 's3-control.us-east-1.amazonaws.com'), ('DNS', 's3-external-1.amazonaws.com'), ('DNS', 's3-deprecated.us-east-1.amazonaws.com'), ('DNS', '*.s3-control.dualstack.us-east-1.amazonaws.com')), 'OCSP': ('http://ocsp.r2m01.amazontrust.com',), 'caIssuers': ('http://crt.r2m01.amazontrust.com/r2m01.cer',), 'crlDistributionPoints': ('http://crl.r2m01.amazontrust.com/r2m01.crl',)}
[2025-12-08T10:46:59.436+0000] {connection.py:849} WARNING - Certificate did not match expected hostname: bhavikabucket22.s3.s3.amazonaws.com. Certificate: {'subject': ((('commonName', 's3.amazonaws.com'),),), 'issuer': ((('countryName', 'US'),), (('organizationName', 'Amazon'),), (('commonName', 'Amazon RSA 2048 M01'),)), 'version': 3, 'serialNumber': '0873613481F95D51F91B74803701DE71', 'notBefore': 'Sep 19 00:00:00 2025 GMT', 'notAfter': 'Aug 23 23:59:59 2026 GMT', 'subjectAltName': (('DNS', 's3.amazonaws.com'), ('DNS', '*.s3.amazonaws.com'), ('DNS', '*.s3-accesspoint.us-east-1.amazonaws.com'), ('DNS', '*.s3-control.us-east-1.amazonaws.com'), ('DNS', 's3.dualstack.us-east-1.amazonaws.com'), ('DNS', '*.s3-deprecated.us-east-1.amazonaws.com'), ('DNS', 's3-control.dualstack.us-east-1.amazonaws.com'), ('DNS', '*.s3-external-2.amazonaws.com'), ('DNS', 's3.us-east-1.amazonaws.com'), ('DNS', '*.s3-accesspoint.dualstack.us-east-1.amazonaws.com'), ('DNS', '*.s3.us-east-1.amazonaws.com'), ('DNS', '*.s3-external-1.amazonaws.com'), ('DNS', '*.s3.dualstack.us-east-1.amazonaws.com'), ('DNS', 's3-external-2.amazonaws.com'), ('DNS', 's3-control.us-east-1.amazonaws.com'), ('DNS', 's3-external-1.amazonaws.com'), ('DNS', 's3-deprecated.us-east-1.amazonaws.com'), ('DNS', '*.s3-control.dualstack.us-east-1.amazonaws.com')), 'OCSP': ('http://ocsp.r2m01.amazontrust.com',), 'caIssuers': ('http://crt.r2m01.amazontrust.com/r2m01.cer',), 'crlDistributionPoints': ('http://crl.r2m01.amazontrust.com/r2m01.crl',)}
[2025-12-08T10:47:02.261+0000] {connection.py:849} WARNING - Certificate did not match expected hostname: bhavikabucket22.s3.s3.amazonaws.com. Certificate: {'subject': ((('commonName', 's3.amazonaws.com'),),), 'issuer': ((('countryName', 'US'),), (('organizationName', 'Amazon'),), (('commonName', 'Amazon RSA 2048 M01'),)), 'version': 3, 'serialNumber': '0873613481F95D51F91B74803701DE71', 'notBefore': 'Sep 19 00:00:00 2025 GMT', 'notAfter': 'Aug 23 23:59:59 2026 GMT', 'subjectAltName': (('DNS', 's3.amazonaws.com'), ('DNS', '*.s3.amazonaws.com'), ('DNS', '*.s3-accesspoint.us-east-1.amazonaws.com'), ('DNS', '*.s3-control.us-east-1.amazonaws.com'), ('DNS', 's3.dualstack.us-east-1.amazonaws.com'), ('DNS', '*.s3-deprecated.us-east-1.amazonaws.com'), ('DNS', 's3-control.dualstack.us-east-1.amazonaws.com'), ('DNS', '*.s3-external-2.amazonaws.com'), ('DNS', 's3.us-east-1.amazonaws.com'), ('DNS', '*.s3-accesspoint.dualstack.us-east-1.amazonaws.com'), ('DNS', '*.s3.us-east-1.amazonaws.com'), ('DNS', '*.s3-external-1.amazonaws.com'), ('DNS', '*.s3.dualstack.us-east-1.amazonaws.com'), ('DNS', 's3-external-2.amazonaws.com'), ('DNS', 's3-control.us-east-1.amazonaws.com'), ('DNS', 's3-external-1.amazonaws.com'), ('DNS', 's3-deprecated.us-east-1.amazonaws.com'), ('DNS', '*.s3-control.dualstack.us-east-1.amazonaws.com')), 'OCSP': ('http://ocsp.r2m01.amazontrust.com',), 'caIssuers': ('http://crt.r2m01.amazontrust.com/r2m01.cer',), 'crlDistributionPoints': ('http://crl.r2m01.amazontrust.com/r2m01.crl',)}
[2025-12-08T10:47:05.110+0000] {connection.py:849} WARNING - Certificate did not match expected hostname: bhavikabucket22.s3.s3.amazonaws.com. Certificate: {'subject': ((('commonName', 's3.amazonaws.com'),),), 'issuer': ((('countryName', 'US'),), (('organizationName', 'Amazon'),), (('commonName', 'Amazon RSA 2048 M01'),)), 'version': 3, 'serialNumber': '0873613481F95D51F91B74803701DE71', 'notBefore': 'Sep 19 00:00:00 2025 GMT', 'notAfter': 'Aug 23 23:59:59 2026 GMT', 'subjectAltName': (('DNS', 's3.amazonaws.com'), ('DNS', '*.s3.amazonaws.com'), ('DNS', '*.s3-accesspoint.us-east-1.amazonaws.com'), ('DNS', '*.s3-control.us-east-1.amazonaws.com'), ('DNS', 's3.dualstack.us-east-1.amazonaws.com'), ('DNS', '*.s3-deprecated.us-east-1.amazonaws.com'), ('DNS', 's3-control.dualstack.us-east-1.amazonaws.com'), ('DNS', '*.s3-external-2.amazonaws.com'), ('DNS', 's3.us-east-1.amazonaws.com'), ('DNS', '*.s3-accesspoint.dualstack.us-east-1.amazonaws.com'), ('DNS', '*.s3.us-east-1.amazonaws.com'), ('DNS', '*.s3-external-1.amazonaws.com'), ('DNS', '*.s3.dualstack.us-east-1.amazonaws.com'), ('DNS', 's3-external-2.amazonaws.com'), ('DNS', 's3-control.us-east-1.amazonaws.com'), ('DNS', 's3-external-1.amazonaws.com'), ('DNS', 's3-deprecated.us-east-1.amazonaws.com'), ('DNS', '*.s3-control.dualstack.us-east-1.amazonaws.com')), 'OCSP': ('http://ocsp.r2m01.amazontrust.com',), 'caIssuers': ('http://crt.r2m01.amazontrust.com/r2m01.cer',), 'crlDistributionPoints': ('http://crl.r2m01.amazontrust.com/r2m01.crl',)}
[2025-12-08T10:47:05.112+0000] {taskinstance.py:441} INFO - ::group::Post task execution logs
[2025-12-08T10:47:05.114+0000] {taskinstance.py:2905} ERROR - Task failed with exception
Traceback (most recent call last):
  File "/home/airflow/.local/lib/python3.12/site-packages/urllib3/connectionpool.py", line 468, in _make_request
    self._validate_conn(conn)
  File "/home/airflow/.local/lib/python3.12/site-packages/urllib3/connectionpool.py", line 1097, in _validate_conn
    conn.connect()
  File "/home/airflow/.local/lib/python3.12/site-packages/urllib3/connection.py", line 642, in connect
    sock_and_verified = _ssl_wrap_socket_and_match_hostname(
                        ^^^^^^^^^^^^^^^^^^^^^^^^^^^^^^^^^^^^
  File "/home/airflow/.local/lib/python3.12/site-packages/urllib3/connection.py", line 818, in _ssl_wrap_socket_and_match_hostname
    _match_hostname(
  File "/home/airflow/.local/lib/python3.12/site-packages/urllib3/connection.py", line 847, in _match_hostname
    match_hostname(cert, asserted_hostname, hostname_checks_common_name)
  File "/home/airflow/.local/lib/python3.12/site-packages/urllib3/util/ssl_match_hostname.py", line 152, in match_hostname
    raise CertificateError(
urllib3.util.ssl_match_hostname.CertificateError: hostname 'bhavikabucket22.s3.s3.amazonaws.com' doesn't match either of 's3.amazonaws.com', '*.s3.amazonaws.com', '*.s3-accesspoint.us-east-1.amazonaws.com', '*.s3-control.us-east-1.amazonaws.com', 's3.dualstack.us-east-1.amazonaws.com', '*.s3-deprecated.us-east-1.amazonaws.com', 's3-control.dualstack.us-east-1.amazonaws.com', '*.s3-external-2.amazonaws.com', 's3.us-east-1.amazonaws.com', '*.s3-accesspoint.dualstack.us-east-1.amazonaws.com', '*.s3.us-east-1.amazonaws.com', '*.s3-external-1.amazonaws.com', '*.s3.dualstack.us-east-1.amazonaws.com', 's3-external-2.amazonaws.com', 's3-control.us-east-1.amazonaws.com', 's3-external-1.amazonaws.com', 's3-deprecated.us-east-1.amazonaws.com', '*.s3-control.dualstack.us-east-1.amazonaws.com'

During handling of the above exception, another exception occurred:

Traceback (most recent call last):
  File "/home/airflow/.local/lib/python3.12/site-packages/botocore/httpsession.py", line 464, in send
    urllib_response = conn.urlopen(
                      ^^^^^^^^^^^^^
  File "/home/airflow/.local/lib/python3.12/site-packages/urllib3/connectionpool.py", line 845, in urlopen
    retries = retries.increment(
              ^^^^^^^^^^^^^^^^^^
  File "/home/airflow/.local/lib/python3.12/site-packages/urllib3/util/retry.py", line 445, in increment
    raise reraise(type(error), error, _stacktrace)
          ^^^^^^^^^^^^^^^^^^^^^^^^^^^^^^^^^^^^^^^^
  File "/home/airflow/.local/lib/python3.12/site-packages/urllib3/util/util.py", line 39, in reraise
    raise value
  File "/home/airflow/.local/lib/python3.12/site-packages/urllib3/connectionpool.py", line 791, in urlopen
    response = self._make_request(
               ^^^^^^^^^^^^^^^^^^^
  File "/home/airflow/.local/lib/python3.12/site-packages/urllib3/connectionpool.py", line 492, in _make_request
    raise new_e
urllib3.exceptions.SSLError: hostname 'bhavikabucket22.s3.s3.amazonaws.com' doesn't match either of 's3.amazonaws.com', '*.s3.amazonaws.com', '*.s3-accesspoint.us-east-1.amazonaws.com', '*.s3-control.us-east-1.amazonaws.com', 's3.dualstack.us-east-1.amazonaws.com', '*.s3-deprecated.us-east-1.amazonaws.com', 's3-control.dualstack.us-east-1.amazonaws.com', '*.s3-external-2.amazonaws.com', 's3.us-east-1.amazonaws.com', '*.s3-accesspoint.dualstack.us-east-1.amazonaws.com', '*.s3.us-east-1.amazonaws.com', '*.s3-external-1.amazonaws.com', '*.s3.dualstack.us-east-1.amazonaws.com', 's3-external-2.amazonaws.com', 's3-control.us-east-1.amazonaws.com', 's3-external-1.amazonaws.com', 's3-deprecated.us-east-1.amazonaws.com', '*.s3-control.dualstack.us-east-1.amazonaws.com'

During handling of the above exception, another exception occurred:

Traceback (most recent call last):
  File "/home/airflow/.local/lib/python3.12/site-packages/airflow/models/taskinstance.py", line 465, in _execute_task
    result = _execute_callable(context=context, **execute_callable_kwargs)
             ^^^^^^^^^^^^^^^^^^^^^^^^^^^^^^^^^^^^^^^^^^^^^^^^^^^^^^^^^^^^^
  File "/home/airflow/.local/lib/python3.12/site-packages/airflow/models/taskinstance.py", line 432, in _execute_callable
    return execute_callable(context=context, **execute_callable_kwargs)
           ^^^^^^^^^^^^^^^^^^^^^^^^^^^^^^^^^^^^^^^^^^^^^^^^^^^^^^^^^^^^
  File "/home/airflow/.local/lib/python3.12/site-packages/airflow/models/baseoperator.py", line 401, in wrapper
    return func(self, *args, **kwargs)
           ^^^^^^^^^^^^^^^^^^^^^^^^^^^
  File "/opt/airflow/dags/connectors/YoutubeAPI_Operator.py", line 46, in execute
    s3_client.put_object(
  File "/home/airflow/.local/lib/python3.12/site-packages/botocore/client.py", line 565, in _api_call
    return self._make_api_call(operation_name, kwargs)
           ^^^^^^^^^^^^^^^^^^^^^^^^^^^^^^^^^^^^^^^^^^^
  File "/home/airflow/.local/lib/python3.12/site-packages/botocore/client.py", line 1001, in _make_api_call
    http, parsed_response = self._make_request(
                            ^^^^^^^^^^^^^^^^^^^
  File "/home/airflow/.local/lib/python3.12/site-packages/botocore/client.py", line 1027, in _make_request
    return self._endpoint.make_request(operation_model, request_dict)
           ^^^^^^^^^^^^^^^^^^^^^^^^^^^^^^^^^^^^^^^^^^^^^^^^^^^^^^^^^^
  File "/home/airflow/.local/lib/python3.12/site-packages/botocore/endpoint.py", line 119, in make_request
    return self._send_request(request_dict, operation_model)
           ^^^^^^^^^^^^^^^^^^^^^^^^^^^^^^^^^^^^^^^^^^^^^^^^^
  File "/home/airflow/.local/lib/python3.12/site-packages/botocore/endpoint.py", line 202, in _send_request
    while self._needs_retry(
          ^^^^^^^^^^^^^^^^^^
  File "/home/airflow/.local/lib/python3.12/site-packages/botocore/endpoint.py", line 354, in _needs_retry
    responses = self._event_emitter.emit(
                ^^^^^^^^^^^^^^^^^^^^^^^^^
  File "/home/airflow/.local/lib/python3.12/site-packages/botocore/hooks.py", line 412, in emit
    return self._emitter.emit(aliased_event_name, **kwargs)
           ^^^^^^^^^^^^^^^^^^^^^^^^^^^^^^^^^^^^^^^^^^^^^^^^
  File "/home/airflow/.local/lib/python3.12/site-packages/botocore/hooks.py", line 256, in emit
    return self._emit(event_name, kwargs)
           ^^^^^^^^^^^^^^^^^^^^^^^^^^^^^^
  File "/home/airflow/.local/lib/python3.12/site-packages/botocore/hooks.py", line 239, in _emit
    response = handler(**kwargs)
               ^^^^^^^^^^^^^^^^^
  File "/home/airflow/.local/lib/python3.12/site-packages/botocore/retryhandler.py", line 207, in __call__
    if self._checker(**checker_kwargs):
       ^^^^^^^^^^^^^^^^^^^^^^^^^^^^^^^
  File "/home/airflow/.local/lib/python3.12/site-packages/botocore/retryhandler.py", line 284, in __call__
    should_retry = self._should_retry(
                   ^^^^^^^^^^^^^^^^^^^
  File "/home/airflow/.local/lib/python3.12/site-packages/botocore/retryhandler.py", line 320, in _should_retry
    return self._checker(attempt_number, response, caught_exception)
           ^^^^^^^^^^^^^^^^^^^^^^^^^^^^^^^^^^^^^^^^^^^^^^^^^^^^^^^^^
  File "/home/airflow/.local/lib/python3.12/site-packages/botocore/retryhandler.py", line 363, in __call__
    checker_response = checker(
                       ^^^^^^^^
  File "/home/airflow/.local/lib/python3.12/site-packages/botocore/retryhandler.py", line 247, in __call__
    return self._check_caught_exception(
           ^^^^^^^^^^^^^^^^^^^^^^^^^^^^^
  File "/home/airflow/.local/lib/python3.12/site-packages/botocore/retryhandler.py", line 416, in _check_caught_exception
    raise caught_exception
  File "/home/airflow/.local/lib/python3.12/site-packages/botocore/endpoint.py", line 281, in _do_get_response
    http_response = self._send(request)
                    ^^^^^^^^^^^^^^^^^^^
  File "/home/airflow/.local/lib/python3.12/site-packages/botocore/endpoint.py", line 377, in _send
    return self.http_session.send(request)
           ^^^^^^^^^^^^^^^^^^^^^^^^^^^^^^^
  File "/home/airflow/.local/lib/python3.12/site-packages/botocore/httpsession.py", line 491, in send
    raise SSLError(endpoint_url=request.url, error=e)
botocore.exceptions.SSLError: SSL validation failed for https://bhavikabucket22.s3.s3.amazonaws.com/youtube_data/search_result.json hostname 'bhavikabucket22.s3.s3.amazonaws.com' doesn't match either of 's3.amazonaws.com', '*.s3.amazonaws.com', '*.s3-accesspoint.us-east-1.amazonaws.com', '*.s3-control.us-east-1.amazonaws.com', 's3.dualstack.us-east-1.amazonaws.com', '*.s3-deprecated.us-east-1.amazonaws.com', 's3-control.dualstack.us-east-1.amazonaws.com', '*.s3-external-2.amazonaws.com', 's3.us-east-1.amazonaws.com', '*.s3-accesspoint.dualstack.us-east-1.amazonaws.com', '*.s3.us-east-1.amazonaws.com', '*.s3-external-1.amazonaws.com', '*.s3.dualstack.us-east-1.amazonaws.com', 's3-external-2.amazonaws.com', 's3-control.us-east-1.amazonaws.com', 's3-external-1.amazonaws.com', 's3-deprecated.us-east-1.amazonaws.com', '*.s3-control.dualstack.us-east-1.amazonaws.com'
[2025-12-08T10:47:05.133+0000] {taskinstance.py:1206} INFO - Marking task as FAILED. dag_id=kitedag, task_id=youtube_search_task, run_id=manual__2025-12-08T10:46:51.896235+00:00, execution_date=20251208T104651, start_date=20251208T104654, end_date=20251208T104705
[2025-12-08T10:47:05.145+0000] {standard_task_runner.py:110} ERROR - Failed to execute job 20 for task youtube_search_task (SSL validation failed for https://bhavikabucket22.s3.s3.amazonaws.com/youtube_data/search_result.json hostname 'bhavikabucket22.s3.s3.amazonaws.com' doesn't match either of 's3.amazonaws.com', '*.s3.amazonaws.com', '*.s3-accesspoint.us-east-1.amazonaws.com', '*.s3-control.us-east-1.amazonaws.com', 's3.dualstack.us-east-1.amazonaws.com', '*.s3-deprecated.us-east-1.amazonaws.com', 's3-control.dualstack.us-east-1.amazonaws.com', '*.s3-external-2.amazonaws.com', 's3.us-east-1.amazonaws.com', '*.s3-accesspoint.dualstack.us-east-1.amazonaws.com', '*.s3.us-east-1.amazonaws.com', '*.s3-external-1.amazonaws.com', '*.s3.dualstack.us-east-1.amazonaws.com', 's3-external-2.amazonaws.com', 's3-control.us-east-1.amazonaws.com', 's3-external-1.amazonaws.com', 's3-deprecated.us-east-1.amazonaws.com', '*.s3-control.dualstack.us-east-1.amazonaws.com'; 900)
[2025-12-08T10:47:05.171+0000] {local_task_job_runner.py:243} INFO - Task exited with return code 1
[2025-12-08T10:47:05.191+0000] {taskinstance.py:3503} INFO - 0 downstream tasks scheduled from follow-on schedule check
[2025-12-08T10:47:05.194+0000] {local_task_job_runner.py:222} INFO - ::endgroup::
